2017-06-02T16:29:48.227-0700 I CONTROL  
2017-06-02T16:29:48.228-0700 W CONTROL  32-bit servers don't have journaling enabled by default. Please use --journal if you want durability.
2017-06-02T16:29:48.228-0700 I CONTROL  
2017-06-02T16:29:48.271-0700 I CONTROL  [initandlisten] MongoDB starting : pid=1758 port=27017 dbpath=/var/lib/mongodb/ 32-bit host=iot-pi
2017-06-02T16:29:48.271-0700 I CONTROL  [initandlisten] db version v3.0.14
2017-06-02T16:29:48.271-0700 I CONTROL  [initandlisten] git version: 08352afcca24bfc145240a0fac9d28b978ab77f3
2017-06-02T16:29:48.271-0700 I CONTROL  [initandlisten] build info: Linux Pi3Case 4.4.50-v7+ #970 SMP Mon Feb 20 19:18:29 GMT 2017 armv7l BOOST_LIB_VERSION=1_49
2017-06-02T16:29:48.272-0700 I CONTROL  [initandlisten] allocator: system
2017-06-02T16:29:48.272-0700 I CONTROL  [initandlisten] options: { storage: { dbPath: "/var/lib/mongodb/" } }
2017-06-02T16:29:48.812-0700 I CONTROL  [initandlisten] ** WARNING: You are running this process as the root user, which is not recommended.
2017-06-02T16:29:48.812-0700 I CONTROL  [initandlisten] 
2017-06-02T16:29:48.812-0700 I CONTROL  [initandlisten] 
2017-06-02T16:29:48.812-0700 I CONTROL  [initandlisten] ** NOTE: This is a 32 bit MongoDB binary.
2017-06-02T16:29:48.812-0700 I CONTROL  [initandlisten] **       32 bit builds are limited to less than 2GB of data (or less with --journal).
2017-06-02T16:29:48.812-0700 I CONTROL  [initandlisten] **       Note that journaling defaults to off for 32 bit and is currently off.
2017-06-02T16:29:48.812-0700 I CONTROL  [initandlisten] **       See http://dochub.mongodb.org/core/32bit
2017-06-02T16:29:48.812-0700 I CONTROL  [initandlisten] 
2017-06-02T16:29:48.812-0700 I CONTROL  [initandlisten] ** WARNING: soft rlimits too low. rlimits set to 7336 processes, 65536 files. Number of processes should be at least 32768 : 0.5 times number of files.
2017-06-02T16:29:48.812-0700 I CONTROL  [initandlisten] 
2017-06-02T16:29:52.255-0700 I NETWORK  [initandlisten] waiting for connections on port 27017
2017-06-02T16:31:27.175-0700 I CONTROL  [signalProcessingThread] got signal 15 (Terminated), will terminate after current cmd ends
2017-06-02T16:31:27.175-0700 I CONTROL  [signalProcessingThread] now exiting
2017-06-02T16:31:27.175-0700 I NETWORK  [signalProcessingThread] shutdown: going to close listening sockets...
2017-06-02T16:31:27.175-0700 I NETWORK  [signalProcessingThread] closing listening socket: 5
2017-06-02T16:31:27.175-0700 I NETWORK  [signalProcessingThread] closing listening socket: 6
2017-06-02T16:31:27.175-0700 I NETWORK  [signalProcessingThread] removing socket file: /tmp/mongodb-27017.sock
2017-06-02T16:31:27.175-0700 I NETWORK  [signalProcessingThread] shutdown: going to flush diaglog...
2017-06-02T16:31:27.175-0700 I NETWORK  [signalProcessingThread] shutdown: going to close sockets...
2017-06-02T16:31:27.176-0700 I STORAGE  [signalProcessingThread] shutdown: waiting for fs preallocator...
2017-06-02T16:31:27.176-0700 I STORAGE  [signalProcessingThread] shutdown: closing all files...
2017-06-02T16:31:27.189-0700 I STORAGE  [signalProcessingThread] closeAllFiles() finished
2017-06-02T16:31:27.190-0700 I STORAGE  [signalProcessingThread] shutdown: removing fs lock...
2017-06-02T16:31:27.190-0700 I CONTROL  [signalProcessingThread] dbexit:  rc: 0
2017-06-02T16:33:45.686-0700 I CONTROL  
2017-06-02T16:33:45.687-0700 W CONTROL  32-bit servers don't have journaling enabled by default. Please use --journal if you want durability.
2017-06-02T16:33:45.687-0700 I CONTROL  
Invalid command: &
Options:

General options:
  -h [ --help ]               show this usage information
  --version                   show version information
  -f [ --config ] arg         configuration file specifying additional options
  -v [ --verbose ] [=arg(=v)] be more verbose (include multiple times for more 
                              verbosity e.g. -vvvvv)
  --quiet                     quieter output
  --port arg                  specify port number - 27017 by default
  --bind_ip arg               comma separated list of ip addresses to listen on
                              - all local ips by default
  --ipv6                      enable IPv6 support (disabled by default)
  --maxConns arg              max number of simultaneous connections - 1000000 
                              by default
  --logpath arg               log file to send write to instead of stdout - has
                              to be a file, not directory
  --syslog                    log to system's syslog facility instead of file 
                              or stdout
  --syslogFacility arg        syslog facility used for mongodb syslog message
  --logappend                 append to logpath instead of over-writing
  --logRotate arg             set the log rotation behavior (rename|reopen)
  --timeStampFormat arg       Desired format for timestamps in log messages. 
                              One of ctime, iso8601-utc or iso8601-local
  --pidfilepath arg           full path to pidfile (if not set, no pidfile is 
                              created)
  --keyFile arg               private key for cluster authentication
  --setParameter arg          Set a configurable parameter
  --httpinterface             enable http interface
  --clusterAuthMode arg       Authentication mode used for cluster 
                              authentication. Alternatives are 
                              (keyFile|sendKeyFile|sendX509|x509)
  --nounixsocket              disable listening on unix sockets
  --unixSocketPrefix arg      alternative directory for UNIX domain sockets 
                              (defaults to /tmp)
  --filePermissions arg       permissions to set on UNIX domain socket file - 
                              0700 by default
  --fork                      fork server process
  --auth                      run with security
  --noauth                    run without security
  --jsonp                     allow JSONP access via http (has security 
                              implications)
  --rest                      turn on simple rest api
  --slowms arg (=100)         value of slow for profile and console log
  --profile arg               0=off 1=slow, 2=all
  --cpu                       periodically show cpu and iowait utilization
  --sysinfo                   print some diagnostic system information
  --noIndexBuildRetry         don't retry any index builds that were 
                              interrupted by shutdown
  --noscripting               disable scripting engine
  --notablescan               do not allow table scans
  --shutdown                  kill a running server (for init scripts)

Replication options:
  --oplogSize arg       size to use (in MB) for replication op log. default is 
                        5% of disk space (i.e. large is good)

Master/slave options (old; use replica sets instead):
  --master              master mode
  --slave               slave mode
  --source arg          when slave: specify master as <server:port>
  --only arg            when slave: specify a single database to replicate
  --slavedelay arg      specify delay (in seconds) to be used when applying 
                        master ops to slave
  --autoresync          automatically resync if slave data is stale

Replica set options:
  --replSet arg           arg is <setname>[/<optionalseedhostlist>]
  --replIndexPrefetch arg specify index prefetching behavior (if secondary) 
                          [none|_id_only|all]

Sharding options:
  --configsvr           declare this is a config db of a cluster; default port 
                        27019; default dir /data/configdb
  --shardsvr            declare this is a shard db of a cluster; default port 
                        27018

SSL options:
  --sslOnNormalPorts                    use ssl on configured ports
  --sslMode arg                         set the SSL operation mode 
                                        (disabled|allowSSL|preferSSL|requireSSL
                                        )
  --sslPEMKeyFile arg                   PEM file for ssl
  --sslPEMKeyPassword arg               PEM file password
  --sslClusterFile arg                  Key file for internal SSL 
                                        authentication
  --sslClusterPassword arg              Internal authentication key file 
                                        password
  --sslCAFile arg                       Certificate Authority file for SSL
  --sslCRLFile arg                      Certificate Revocation List file for 
                                        SSL
  --sslDisabledProtocols arg            Comma separated list of TLS protocols 
                                        to disable [TLS1_0,TLS1_1,TLS1_2]
  --sslWeakCertificateValidation        allow client to connect without 
                                        presenting a certificate
  --sslAllowConnectionsWithoutCertificates 
                                        allow client to connect without 
                                        presenting a certificate
  --sslAllowInvalidHostnames            Allow server certificates to provide 
                                        non-matching hostnames
  --sslAllowInvalidCertificates         allow connections to servers with 
                                        invalid certificates
  --sslFIPSMode                         activate FIPS 140-2 mode at startup

Storage options:
  --storageEngine arg (=mmapv1) what storage engine to use
  --dbpath arg                  directory for datafiles - defaults to /data/db
  --directoryperdb              each database will be stored in a separate 
                                directory
  --noprealloc                  disable data file preallocation - will often 
                                hurt performance
  --nssize arg (=16)            .ns file size (in MB) for new databases
  --quota                       limits each database to a certain number of 
                                files (8 default)
  --quotaFiles arg              number of files allowed per db, implies --quota
  --smallfiles                  use a smaller default file size
  --syncdelay arg (=60)         seconds between disk syncs (0=never, but not 
                                recommended)
  --upgrade                     upgrade db if needed
  --repair                      run repair on all dbs
  --repairpath arg              root directory for repair files - defaults to 
                                dbpath
  --journal                     enable journaling
  --nojournal                   disable journaling (journaling is on by default
                                for 64 bit)
  --journalOptions arg          journal diagnostic options
  --journalCommitInterval arg   how often to group/batch commit (ms)

2017-06-02T17:00:24.424-0700 I CONTROL  
2017-06-02T17:00:24.425-0700 W CONTROL  32-bit servers don't have journaling enabled by default. Please use --journal if you want durability.
2017-06-02T17:00:24.425-0700 I CONTROL  
2017-06-02T17:00:24.443-0700 I CONTROL  [initandlisten] MongoDB starting : pid=1474 port=27017 dbpath=/var/lib/mongodb 32-bit host=iot-pi
2017-06-02T17:00:24.443-0700 I CONTROL  [initandlisten] db version v3.0.14
2017-06-02T17:00:24.443-0700 I CONTROL  [initandlisten] git version: 08352afcca24bfc145240a0fac9d28b978ab77f3
2017-06-02T17:00:24.443-0700 I CONTROL  [initandlisten] build info: Linux Pi3Case 4.4.50-v7+ #970 SMP Mon Feb 20 19:18:29 GMT 2017 armv7l BOOST_LIB_VERSION=1_49
2017-06-02T17:00:24.444-0700 I CONTROL  [initandlisten] allocator: system
2017-06-02T17:00:24.444-0700 I CONTROL  [initandlisten] options: { storage: { dbPath: "/var/lib/mongodb" } }
2017-06-02T17:00:24.554-0700 I CONTROL  [initandlisten] ** WARNING: You are running this process as the root user, which is not recommended.
2017-06-02T17:00:24.555-0700 I CONTROL  [initandlisten] 
2017-06-02T17:00:24.555-0700 I CONTROL  [initandlisten] 
2017-06-02T17:00:24.555-0700 I CONTROL  [initandlisten] ** NOTE: This is a 32 bit MongoDB binary.
2017-06-02T17:00:24.555-0700 I CONTROL  [initandlisten] **       32 bit builds are limited to less than 2GB of data (or less with --journal).
2017-06-02T17:00:24.555-0700 I CONTROL  [initandlisten] **       Note that journaling defaults to off for 32 bit and is currently off.
2017-06-02T17:00:24.555-0700 I CONTROL  [initandlisten] **       See http://dochub.mongodb.org/core/32bit
2017-06-02T17:00:24.555-0700 I CONTROL  [initandlisten] 
2017-06-02T17:00:24.555-0700 I CONTROL  [initandlisten] ** WARNING: soft rlimits too low. rlimits set to 7336 processes, 65536 files. Number of processes should be at least 32768 : 0.5 times number of files.
2017-06-02T17:00:24.555-0700 I CONTROL  [initandlisten] 
2017-06-02T17:00:24.628-0700 I NETWORK  [initandlisten] waiting for connections on port 27017
2017-06-02T17:01:03.598-0700 I NETWORK  [initandlisten] connection accepted from 127.0.0.1:50994 #1 (1 connection now open)
2017-06-02T17:01:36.332-0700 I NETWORK  [conn1] end connection 127.0.0.1:50994 (0 connections now open)
2017-06-02T17:17:35.929-0700 I NETWORK  [initandlisten] connection accepted from 127.0.0.1:50996 #2 (1 connection now open)
2017-06-02T17:18:41.975-0700 I NETWORK  [conn2] end connection 127.0.0.1:50996 (0 connections now open)
2017-06-02T17:29:33.511-0700 I NETWORK  [initandlisten] connection accepted from 127.0.0.1:50998 #3 (1 connection now open)
2017-06-02T17:29:42.621-0700 I NETWORK  [conn3] end connection 127.0.0.1:50998 (0 connections now open)
2017-06-02T17:33:04.710-0700 I CONTROL  
2017-06-02T17:33:04.710-0700 W CONTROL  32-bit servers don't have journaling enabled by default. Please use --journal if you want durability.
2017-06-02T17:33:04.710-0700 I CONTROL  
2017-06-02T17:33:04.727-0700 I CONTROL  [initandlisten] MongoDB starting : pid=2145 port=27017 dbpath=/var/lib/mongodb 32-bit host=iot-pi
2017-06-02T17:33:04.727-0700 I CONTROL  [initandlisten] db version v3.0.14
2017-06-02T17:33:04.727-0700 I CONTROL  [initandlisten] git version: 08352afcca24bfc145240a0fac9d28b978ab77f3
2017-06-02T17:33:04.727-0700 I CONTROL  [initandlisten] build info: Linux Pi3Case 4.4.50-v7+ #970 SMP Mon Feb 20 19:18:29 GMT 2017 armv7l BOOST_LIB_VERSION=1_49
2017-06-02T17:33:04.727-0700 I CONTROL  [initandlisten] allocator: system
2017-06-02T17:33:04.727-0700 I CONTROL  [initandlisten] options: { storage: { dbPath: "/var/lib/mongodb" } }
2017-06-02T17:33:04.786-0700 E NETWORK  [initandlisten] listen(): bind() failed errno:98 Address already in use for socket: 0.0.0.0:27017
2017-06-02T17:33:04.797-0700 E NETWORK  [initandlisten]   addr already in use
2017-06-02T17:33:04.797-0700 W -        [initandlisten] Detected unclean shutdown - /var/lib/mongodb/mongod.lock is not empty.
2017-06-02T17:33:04.810-0700 I STORAGE  [initandlisten] exception in initAndListen: 98 Unable to lock file: /var/lib/mongodb/mongod.lock errno:11 Resource temporarily unavailable. Is a mongod instance already running?, terminating
2017-06-02T17:33:04.810-0700 I CONTROL  [initandlisten] dbexit:  rc: 100
2017-06-02T17:34:15.250-0700 I CONTROL  [signalProcessingThread] got signal 15 (Terminated), will terminate after current cmd ends
2017-06-02T17:34:15.250-0700 I CONTROL  [signalProcessingThread] now exiting
2017-06-02T17:34:15.250-0700 I NETWORK  [signalProcessingThread] shutdown: going to close listening sockets...
2017-06-02T17:34:15.250-0700 I NETWORK  [signalProcessingThread] closing listening socket: 6
2017-06-02T17:34:15.250-0700 I NETWORK  [signalProcessingThread] closing listening socket: 7
2017-06-02T17:34:15.250-0700 I NETWORK  [signalProcessingThread] removing socket file: /tmp/mongodb-27017.sock
2017-06-02T17:34:15.250-0700 I NETWORK  [signalProcessingThread] shutdown: going to flush diaglog...
2017-06-02T17:34:15.250-0700 I NETWORK  [signalProcessingThread] shutdown: going to close sockets...
2017-06-02T17:34:15.251-0700 I STORAGE  [signalProcessingThread] shutdown: waiting for fs preallocator...
2017-06-02T17:34:15.251-0700 I STORAGE  [signalProcessingThread] shutdown: closing all files...
2017-06-02T17:34:15.264-0700 I STORAGE  [signalProcessingThread] closeAllFiles() finished
2017-06-02T17:34:15.265-0700 I STORAGE  [signalProcessingThread] shutdown: removing fs lock...
2017-06-02T17:34:15.265-0700 I CONTROL  [signalProcessingThread] dbexit:  rc: 0
2017-06-02T17:35:11.427-0700 I CONTROL  
2017-06-02T17:35:11.427-0700 W CONTROL  32-bit servers don't have journaling enabled by default. Please use --journal if you want durability.
2017-06-02T17:35:11.427-0700 I CONTROL  
2017-06-02T17:35:11.445-0700 I CONTROL  [initandlisten] MongoDB starting : pid=2185 port=27017 dbpath=/var/lib/mongodb 32-bit host=iot-pi
2017-06-02T17:35:11.445-0700 I CONTROL  [initandlisten] db version v3.0.14
2017-06-02T17:35:11.445-0700 I CONTROL  [initandlisten] git version: 08352afcca24bfc145240a0fac9d28b978ab77f3
2017-06-02T17:35:11.445-0700 I CONTROL  [initandlisten] build info: Linux Pi3Case 4.4.50-v7+ #970 SMP Mon Feb 20 19:18:29 GMT 2017 armv7l BOOST_LIB_VERSION=1_49
2017-06-02T17:35:11.445-0700 I CONTROL  [initandlisten] allocator: system
2017-06-02T17:35:11.445-0700 I CONTROL  [initandlisten] options: { storage: { dbPath: "/var/lib/mongodb" } }
2017-06-02T17:35:11.557-0700 I CONTROL  [initandlisten] ** WARNING: You are running this process as the root user, which is not recommended.
2017-06-02T17:35:11.557-0700 I CONTROL  [initandlisten] 
2017-06-02T17:35:11.557-0700 I CONTROL  [initandlisten] 
2017-06-02T17:35:11.557-0700 I CONTROL  [initandlisten] ** NOTE: This is a 32 bit MongoDB binary.
2017-06-02T17:35:11.557-0700 I CONTROL  [initandlisten] **       32 bit builds are limited to less than 2GB of data (or less with --journal).
2017-06-02T17:35:11.557-0700 I CONTROL  [initandlisten] **       Note that journaling defaults to off for 32 bit and is currently off.
2017-06-02T17:35:11.557-0700 I CONTROL  [initandlisten] **       See http://dochub.mongodb.org/core/32bit
2017-06-02T17:35:11.557-0700 I CONTROL  [initandlisten] 
2017-06-02T17:35:11.557-0700 I CONTROL  [initandlisten] ** WARNING: soft rlimits too low. rlimits set to 7336 processes, 65536 files. Number of processes should be at least 32768 : 0.5 times number of files.
2017-06-02T17:35:11.557-0700 I CONTROL  [initandlisten] 
2017-06-02T17:35:11.629-0700 I NETWORK  [initandlisten] waiting for connections on port 27017
2017-06-02T18:20:25.897-0700 I CONTROL  [signalProcessingThread] got signal 2 (Interrupt), will terminate after current cmd ends
2017-06-02T18:20:25.897-0700 I CONTROL  [signalProcessingThread] now exiting
2017-06-02T18:20:25.897-0700 I NETWORK  [signalProcessingThread] shutdown: going to close listening sockets...
2017-06-02T18:20:25.897-0700 I NETWORK  [signalProcessingThread] closing listening socket: 6
2017-06-02T18:20:25.897-0700 I NETWORK  [signalProcessingThread] closing listening socket: 7
2017-06-02T18:20:25.897-0700 I NETWORK  [signalProcessingThread] removing socket file: /tmp/mongodb-27017.sock
2017-06-02T18:20:25.897-0700 I NETWORK  [signalProcessingThread] shutdown: going to flush diaglog...
2017-06-02T18:20:25.897-0700 I NETWORK  [signalProcessingThread] shutdown: going to close sockets...
2017-06-02T18:20:25.897-0700 I STORAGE  [signalProcessingThread] shutdown: waiting for fs preallocator...
2017-06-02T18:20:25.897-0700 I STORAGE  [signalProcessingThread] shutdown: closing all files...
2017-06-02T18:20:25.905-0700 I STORAGE  [signalProcessingThread] closeAllFiles() finished
2017-06-02T18:20:25.905-0700 I STORAGE  [signalProcessingThread] shutdown: removing fs lock...
2017-06-02T18:20:25.906-0700 I CONTROL  [signalProcessingThread] dbexit:  rc: 0
2017-06-02T18:20:34.043-0700 I CONTROL  
2017-06-02T18:20:34.043-0700 W CONTROL  32-bit servers don't have journaling enabled by default. Please use --journal if you want durability.
2017-06-02T18:20:34.043-0700 I CONTROL  
2017-06-02T18:20:34.061-0700 I CONTROL  [initandlisten] MongoDB starting : pid=3356 port=27017 dbpath=/var/lib/mongodb 32-bit host=iot-pi
2017-06-02T18:20:34.061-0700 I CONTROL  [initandlisten] db version v3.0.14
2017-06-02T18:20:34.062-0700 I CONTROL  [initandlisten] git version: 08352afcca24bfc145240a0fac9d28b978ab77f3
2017-06-02T18:20:34.062-0700 I CONTROL  [initandlisten] build info: Linux Pi3Case 4.4.50-v7+ #970 SMP Mon Feb 20 19:18:29 GMT 2017 armv7l BOOST_LIB_VERSION=1_49
2017-06-02T18:20:34.062-0700 I CONTROL  [initandlisten] allocator: system
2017-06-02T18:20:34.062-0700 I CONTROL  [initandlisten] options: { storage: { dbPath: "/var/lib/mongodb" } }
2017-06-02T18:20:34.203-0700 I CONTROL  [initandlisten] ** WARNING: You are running this process as the root user, which is not recommended.
2017-06-02T18:20:34.203-0700 I CONTROL  [initandlisten] 
2017-06-02T18:20:34.203-0700 I CONTROL  [initandlisten] 
2017-06-02T18:20:34.203-0700 I CONTROL  [initandlisten] ** NOTE: This is a 32 bit MongoDB binary.
2017-06-02T18:20:34.203-0700 I CONTROL  [initandlisten] **       32 bit builds are limited to less than 2GB of data (or less with --journal).
2017-06-02T18:20:34.203-0700 I CONTROL  [initandlisten] **       Note that journaling defaults to off for 32 bit and is currently off.
2017-06-02T18:20:34.203-0700 I CONTROL  [initandlisten] **       See http://dochub.mongodb.org/core/32bit
2017-06-02T18:20:34.203-0700 I CONTROL  [initandlisten] 
2017-06-02T18:20:34.203-0700 I CONTROL  [initandlisten] ** WARNING: soft rlimits too low. rlimits set to 7336 processes, 65536 files. Number of processes should be at least 32768 : 0.5 times number of files.
2017-06-02T18:20:34.203-0700 I CONTROL  [initandlisten] 
2017-06-02T18:20:34.275-0700 I NETWORK  [initandlisten] waiting for connections on port 27017
2017-06-02T18:36:06.531-0700 I CONTROL  [signalProcessingThread] got signal 2 (Interrupt), will terminate after current cmd ends
2017-06-02T18:36:06.532-0700 I CONTROL  [signalProcessingThread] now exiting
2017-06-02T18:36:06.532-0700 I NETWORK  [signalProcessingThread] shutdown: going to close listening sockets...
2017-06-02T18:36:06.532-0700 I NETWORK  [signalProcessingThread] closing listening socket: 6
2017-06-02T18:36:06.532-0700 I NETWORK  [signalProcessingThread] closing listening socket: 7
2017-06-02T18:36:06.532-0700 I NETWORK  [signalProcessingThread] removing socket file: /tmp/mongodb-27017.sock
2017-06-02T18:36:06.532-0700 I NETWORK  [signalProcessingThread] shutdown: going to flush diaglog...
2017-06-02T18:36:06.532-0700 I NETWORK  [signalProcessingThread] shutdown: going to close sockets...
2017-06-02T18:36:06.533-0700 I STORAGE  [signalProcessingThread] shutdown: waiting for fs preallocator...
2017-06-02T18:36:06.533-0700 I STORAGE  [signalProcessingThread] shutdown: closing all files...
2017-06-02T18:36:06.552-0700 I STORAGE  [signalProcessingThread] closeAllFiles() finished
2017-06-02T18:36:06.553-0700 I STORAGE  [signalProcessingThread] shutdown: removing fs lock...
2017-06-02T18:36:06.553-0700 I CONTROL  [signalProcessingThread] dbexit:  rc: 0
2017-06-02T18:40:23.237-0700 I CONTROL  
2017-06-02T18:40:23.238-0700 W CONTROL  32-bit servers don't have journaling enabled by default. Please use --journal if you want durability.
2017-06-02T18:40:23.238-0700 I CONTROL  
2017-06-02T18:40:23.255-0700 I CONTROL  [initandlisten] MongoDB starting : pid=3632 port=27017 dbpath=/var/lib/mongodb 32-bit host=iot-pi
2017-06-02T18:40:23.255-0700 I CONTROL  [initandlisten] db version v3.0.14
2017-06-02T18:40:23.255-0700 I CONTROL  [initandlisten] git version: 08352afcca24bfc145240a0fac9d28b978ab77f3
2017-06-02T18:40:23.256-0700 I CONTROL  [initandlisten] build info: Linux Pi3Case 4.4.50-v7+ #970 SMP Mon Feb 20 19:18:29 GMT 2017 armv7l BOOST_LIB_VERSION=1_49
2017-06-02T18:40:23.256-0700 I CONTROL  [initandlisten] allocator: system
2017-06-02T18:40:23.256-0700 I CONTROL  [initandlisten] options: { storage: { dbPath: "/var/lib/mongodb" } }
2017-06-02T18:40:23.780-0700 I CONTROL  [initandlisten] ** WARNING: You are running this process as the root user, which is not recommended.
2017-06-02T18:40:23.780-0700 I CONTROL  [initandlisten] 
2017-06-02T18:40:23.780-0700 I CONTROL  [initandlisten] 
2017-06-02T18:40:23.780-0700 I CONTROL  [initandlisten] ** NOTE: This is a 32 bit MongoDB binary.
2017-06-02T18:40:23.780-0700 I CONTROL  [initandlisten] **       32 bit builds are limited to less than 2GB of data (or less with --journal).
2017-06-02T18:40:23.780-0700 I CONTROL  [initandlisten] **       Note that journaling defaults to off for 32 bit and is currently off.
2017-06-02T18:40:23.780-0700 I CONTROL  [initandlisten] **       See http://dochub.mongodb.org/core/32bit
2017-06-02T18:40:23.780-0700 I CONTROL  [initandlisten] 
2017-06-02T18:40:23.780-0700 I CONTROL  [initandlisten] ** WARNING: soft rlimits too low. rlimits set to 7336 processes, 65536 files. Number of processes should be at least 32768 : 0.5 times number of files.
2017-06-02T18:40:23.780-0700 I CONTROL  [initandlisten] 
2017-06-02T18:40:23.852-0700 I NETWORK  [initandlisten] waiting for connections on port 27017
2017-06-02T18:41:00.860-0700 I CONTROL  [signalProcessingThread] got signal 2 (Interrupt), will terminate after current cmd ends
2017-06-02T18:41:00.860-0700 I CONTROL  [signalProcessingThread] now exiting
2017-06-02T18:41:00.860-0700 I NETWORK  [signalProcessingThread] shutdown: going to close listening sockets...
2017-06-02T18:41:00.861-0700 I NETWORK  [signalProcessingThread] closing listening socket: 6
2017-06-02T18:41:00.861-0700 I NETWORK  [signalProcessingThread] closing listening socket: 7
2017-06-02T18:41:00.861-0700 I NETWORK  [signalProcessingThread] removing socket file: /tmp/mongodb-27017.sock
2017-06-02T18:41:00.861-0700 I NETWORK  [signalProcessingThread] shutdown: going to flush diaglog...
2017-06-02T18:41:00.861-0700 I NETWORK  [signalProcessingThread] shutdown: going to close sockets...
2017-06-02T18:41:00.861-0700 I STORAGE  [signalProcessingThread] shutdown: waiting for fs preallocator...
2017-06-02T18:41:00.861-0700 I STORAGE  [signalProcessingThread] shutdown: closing all files...
2017-06-02T18:41:00.877-0700 I STORAGE  [signalProcessingThread] closeAllFiles() finished
2017-06-02T18:41:00.877-0700 I STORAGE  [signalProcessingThread] shutdown: removing fs lock...
2017-06-02T18:41:00.877-0700 I CONTROL  [signalProcessingThread] dbexit:  rc: 0
2017-06-02T18:43:36.832-0700 I CONTROL  
2017-06-02T18:43:36.832-0700 W CONTROL  32-bit servers don't have journaling enabled by default. Please use --journal if you want durability.
2017-06-02T18:43:36.833-0700 I CONTROL  
2017-06-02T18:43:36.851-0700 I CONTROL  [initandlisten] MongoDB starting : pid=3953 port=27017 dbpath=/var/lib/mongodb 32-bit host=iot-pi
2017-06-02T18:43:36.851-0700 I CONTROL  [initandlisten] db version v3.0.14
2017-06-02T18:43:36.851-0700 I CONTROL  [initandlisten] git version: 08352afcca24bfc145240a0fac9d28b978ab77f3
2017-06-02T18:43:36.851-0700 I CONTROL  [initandlisten] build info: Linux Pi3Case 4.4.50-v7+ #970 SMP Mon Feb 20 19:18:29 GMT 2017 armv7l BOOST_LIB_VERSION=1_49
2017-06-02T18:43:36.851-0700 I CONTROL  [initandlisten] allocator: system
2017-06-02T18:43:36.851-0700 I CONTROL  [initandlisten] options: { storage: { dbPath: "/var/lib/mongodb" } }
2017-06-02T18:43:37.392-0700 I CONTROL  [initandlisten] ** WARNING: You are running this process as the root user, which is not recommended.
2017-06-02T18:43:37.392-0700 I CONTROL  [initandlisten] 
2017-06-02T18:43:37.392-0700 I CONTROL  [initandlisten] 
2017-06-02T18:43:37.392-0700 I CONTROL  [initandlisten] ** NOTE: This is a 32 bit MongoDB binary.
2017-06-02T18:43:37.392-0700 I CONTROL  [initandlisten] **       32 bit builds are limited to less than 2GB of data (or less with --journal).
2017-06-02T18:43:37.392-0700 I CONTROL  [initandlisten] **       Note that journaling defaults to off for 32 bit and is currently off.
2017-06-02T18:43:37.392-0700 I CONTROL  [initandlisten] **       See http://dochub.mongodb.org/core/32bit
2017-06-02T18:43:37.392-0700 I CONTROL  [initandlisten] 
2017-06-02T18:43:37.392-0700 I CONTROL  [initandlisten] ** WARNING: soft rlimits too low. rlimits set to 7336 processes, 65536 files. Number of processes should be at least 32768 : 0.5 times number of files.
2017-06-02T18:43:37.392-0700 I CONTROL  [initandlisten] 
2017-06-02T18:43:37.465-0700 I NETWORK  [initandlisten] waiting for connections on port 27017
2017-06-02T19:05:42.974-0700 I CONTROL  [signalProcessingThread] got signal 1 (Hangup), will terminate after current cmd ends
2017-06-02T19:05:42.974-0700 I CONTROL  [signalProcessingThread] now exiting
2017-06-02T19:05:42.974-0700 I NETWORK  [signalProcessingThread] shutdown: going to close listening sockets...
2017-06-02T19:05:42.974-0700 I NETWORK  [signalProcessingThread] closing listening socket: 6
2017-06-02T19:05:42.974-0700 I NETWORK  [signalProcessingThread] closing listening socket: 7
2017-06-02T19:05:42.974-0700 I NETWORK  [signalProcessingThread] removing socket file: /tmp/mongodb-27017.sock
2017-06-02T19:05:42.975-0700 I NETWORK  [signalProcessingThread] shutdown: going to flush diaglog...
2017-06-02T19:05:42.975-0700 I NETWORK  [signalProcessingThread] shutdown: going to close sockets...
2017-06-02T19:05:42.975-0700 I STORAGE  [signalProcessingThread] shutdown: waiting for fs preallocator...
2017-06-02T19:05:42.975-0700 I STORAGE  [signalProcessingThread] shutdown: closing all files...
2017-06-02T19:05:42.989-0700 I STORAGE  [signalProcessingThread] closeAllFiles() finished
2017-06-02T19:05:42.989-0700 I STORAGE  [signalProcessingThread] shutdown: removing fs lock...
2017-06-02T19:05:42.989-0700 I CONTROL  [signalProcessingThread] dbexit:  rc: 0
